<?xml version="1.0" encoding="UTF-8"?>
<!-- Generated by org.testng.reporters.JUnitReportReporter -->
<testsuite skipped="0" hostname="4S0L3M2" name="com.bankguru.scripts.LoginScript" tests="23" failures="0" timestamp="17 Aug 2019 07:25:04 GMT" time="117.062" errors="1">
  <testcase name="NC10_CityWithSpecialCharacter" time="0.625" classname="com.bankguru.scripts.LoginScript"/>
  <testcase name="NC08_CityFiledEmpty" time="0.648" classname="com.bankguru.scripts.LoginScript"/>
  <testcase name="NC25_TelephoneFieldWithSpecialCharacter" time="0.622" classname="com.bankguru.scripts.LoginScript"/>
  <testcase name="NC21_TelephoneFieldEmpty" time="0.548" classname="com.bankguru.scripts.LoginScript"/>
  <testcase name="NC19_PinFieldWithSpecialCharcter" time="0.659" classname="com.bankguru.scripts.LoginScript"/>
  <testcase name="NC11_CityHaveSpace" time="0.786" classname="com.bankguru.scripts.LoginScript"/>
  <testcase name="NC18_PinFieldHave6Digits" time="0.593" classname="com.bankguru.scripts.LoginScript"/>
  <testcase name="NC13_StateFieldWithNumberic" time="100.736" classname="com.bankguru.scripts.LoginScript">
    <error type="org.openqa.selenium.TimeoutException" message="Timed out after 100 seconds waiting for visibility of element located by By.xpath: //label[@id=&#039;message4&#039;]
Build info: version: &#039;2.53.1&#039;, revision: &#039;a36b8b1cd5757287168e54b817830adce9b0158d&#039;, time: &#039;2016-06-30 19:26:09&#039;
System info: host: &#039;4S0L3M2&#039;, ip: &#039;192.168.131.2&#039;, os.name: &#039;Windows 10&#039;, os.arch: &#039;amd64&#039;, os.version: &#039;10.0&#039;, java.version: &#039;1.8.0_211&#039;
Driver info: org.openqa.selenium.chrome.ChromeDriver
Capabilities [{mobileEmulationEnabled=false, timeouts={implicit=0, pageLoad=300000, script=30000}, hasTouchScreen=false, platform=XP, acceptSslCerts=false, goog:chromeOptions={debuggerAddress=localhost:58086}, acceptInsecureCerts=false, webStorageEnabled=true, browserName=chrome, takesScreenshot=true, javascriptEnabled=true, setWindowRect=true, unexpectedAlertBehaviour=ignore, applicationCacheEnabled=false, rotatable=false, networkConnectionEnabled=false, chrome={chromedriverVersion=76.0.3809.68 (420c9498db8ce8fcd190a954d51297672c1515d5-refs/branch-heads/3809@{#864}), userDataDir=C:\Users\NGOCTM~1\AppData\Local\Temp\scoped_dir9792_864247093}, takesHeapSnapshot=true, pageLoadStrategy=normal, strictFileInteractability=false, databaseEnabled=false, handlesAlerts=true, version=76.0.3809.100, browserConnectionEnabled=false, proxy={}, nativeEvents=true, locationContextEnabled=true, cssSelectorsEnabled=true}]
Session ID: 28bbb100da321fcd1df6d60032b3124c">
      <![CDATA[org.openqa.selenium.TimeoutException: Timed out after 100 seconds waiting for visibility of element located by By.xpath: //label[@id='message4']
Build info: version: '2.53.1', revision: 'a36b8b1cd5757287168e54b817830adce9b0158d', time: '2016-06-30 19:26:09'
System info: host: '4S0L3M2', ip: '192.168.131.2', os.name: 'Windows 10', os.arch: 'amd64', os.version: '10.0', java.version: '1.8.0_211'
Driver info: org.openqa.selenium.chrome.ChromeDriver
Capabilities [{mobileEmulationEnabled=false, timeouts={implicit=0, pageLoad=300000, script=30000}, hasTouchScreen=false, platform=XP, acceptSslCerts=false, goog:chromeOptions={debuggerAddress=localhost:58086}, acceptInsecureCerts=false, webStorageEnabled=true, browserName=chrome, takesScreenshot=true, javascriptEnabled=true, setWindowRect=true, unexpectedAlertBehaviour=ignore, applicationCacheEnabled=false, rotatable=false, networkConnectionEnabled=false, chrome={chromedriverVersion=76.0.3809.68 (420c9498db8ce8fcd190a954d51297672c1515d5-refs/branch-heads/3809@{#864}), userDataDir=C:\Users\NGOCTM~1\AppData\Local\Temp\scoped_dir9792_864247093}, takesHeapSnapshot=true, pageLoadStrategy=normal, strictFileInteractability=false, databaseEnabled=false, handlesAlerts=true, version=76.0.3809.100, browserConnectionEnabled=false, proxy={}, nativeEvents=true, locationContextEnabled=true, cssSelectorsEnabled=true}]
Session ID: 28bbb100da321fcd1df6d60032b3124c
at org.openqa.selenium.support.ui.WebDriverWait.timeoutException(WebDriverWait.java:80)
at org.openqa.selenium.support.ui.FluentWait.until(FluentWait.java:261)
at common.CommonFunctions.waitForElementVisible(CommonFunctions.java:238)
at com.bankguru.actions.NewCustomerPage.getMessageCityField(NewCustomerPage.java:51)
at com.bankguru.scripts.LoginScript.NC13_StateFieldWithNumberic(LoginScript.java:172)
at sun.reflect.NativeMethodAccessorImpl.invoke0(Native Method)
at sun.reflect.NativeMethodAccessorImpl.invoke(Unknown Source)
at sun.reflect.DelegatingMethodAccessorImpl.invoke(Unknown Source)
at java.lang.reflect.Method.invoke(Unknown Source)
at org.testng.internal.MethodInvocationHelper.invokeMethod(MethodInvocationHelper.java:124)
at org.testng.internal.Invoker.invokeMethod(Invoker.java:583)
at org.testng.internal.Invoker.invokeTestMethod(Invoker.java:719)
at org.testng.internal.Invoker.invokeTestMethods(Invoker.java:989)
at org.testng.internal.TestMethodWorker.invokeTestMethods(TestMethodWorker.java:125)
at org.testng.internal.TestMethodWorker.run(TestMethodWorker.java:109)
at org.testng.TestRunner.privateRun(TestRunner.java:648)
at org.testng.TestRunner.run(TestRunner.java:505)
at org.testng.SuiteRunner.runTest(SuiteRunner.java:455)
at org.testng.SuiteRunner.runSequentially(SuiteRunner.java:450)
at org.testng.SuiteRunner.privateRun(SuiteRunner.java:415)
at org.testng.SuiteRunner.run(SuiteRunner.java:364)
at org.testng.SuiteRunnerWorker.runSuite(SuiteRunnerWorker.java:52)
at org.testng.SuiteRunnerWorker.run(SuiteRunnerWorker.java:84)
at org.testng.TestNG.runSuitesSequentially(TestNG.java:1208)
at org.testng.TestNG.runSuitesLocally(TestNG.java:1137)
at org.testng.TestNG.runSuites(TestNG.java:1049)
at org.testng.TestNG.run(TestNG.java:1017)
at org.testng.remote.AbstractRemoteTestNG.run(AbstractRemoteTestNG.java:115)
at org.testng.remote.RemoteTestNG.initAndRun(RemoteTestNG.java:251)
at org.testng.remote.RemoteTestNG.main(RemoteTestNG.java:77)
]]>
    </error>
  </testcase> <!-- NC13_StateFieldWithNumberic -->
  <testcase name="NC04_FirstCharacterBlank" time="0.546" classname="com.bankguru.scripts.LoginScript"/>
  <testcase name="NC05_AddressEmplty" time="0.784" classname="com.bankguru.scripts.LoginScript"/>
  <testcase name="NC12_StateFieldEmpty" time="0.584" classname="com.bankguru.scripts.LoginScript"/>
  <testcase name="NC16_PINFiledWithNumberic" time="0.609" classname="com.bankguru.scripts.LoginScript"/>
  <testcase name="NC22_TelephoneFieldHaveSpace" time="0.565" classname="com.bankguru.scripts.LoginScript"/>
  <testcase name="NC26_EmailFieldEmpty" time="0.810" classname="com.bankguru.scripts.LoginScript"/>
  <testcase name="NC02_NumericCase" time="0.794" classname="com.bankguru.scripts.LoginScript"/>
  <testcase name="NC17_PinFieldEmpty" time="0.552" classname="com.bankguru.scripts.LoginScript"/>
  <testcase name="NC06_AddressHaveSpace" time="0.792" classname="com.bankguru.scripts.LoginScript"/>
  <testcase name="NC09_CityWithNumberic" time="0.591" classname="com.bankguru.scripts.LoginScript"/>
  <testcase name="NC15_SateFieldWithSpace" time="0.585" classname="com.bankguru.scripts.LoginScript"/>
  <testcase name="NC03_SpecialCharacters" time="0.585" classname="com.bankguru.scripts.LoginScript"/>
  <testcase name="NC01_NewCustomer01" time="1.210" classname="com.bankguru.scripts.LoginScript"/>
  <testcase name="NC20_PinFieldWithSpace" time="0.556" classname="com.bankguru.scripts.LoginScript"/>
  <testcase name="NC14_StateFieldWithSpecialCharacter" time="2.282" classname="com.bankguru.scripts.LoginScript"/>
</testsuite> <!-- com.bankguru.scripts.LoginScript -->
