<html>
<head>
<title>TestNG:  TestWithFF</title>
<link href="../testng.css" rel="stylesheet" type="text/css" />
<link href="../my-testng.css" rel="stylesheet" type="text/css" />

<style type="text/css">
.log { display: none;} 
.stack-trace { display: none;} 
</style>
<script type="text/javascript">
<!--
function flip(e) {
  current = e.style.display;
  if (current == 'block') {
    e.style.display = 'none';
    return 0;
  }
  else {
    e.style.display = 'block';
    return 1;
  }
}

function toggleBox(szDivId, elem, msg1, msg2)
{
  var res = -1;  if (document.getElementById) {
    res = flip(document.getElementById(szDivId));
  }
  else if (document.all) {
    // this is the way old msie versions work
    res = flip(document.all[szDivId]);
  }
  if(elem) {
    if(res == 0) elem.innerHTML = msg1; else elem.innerHTML = msg2;
  }

}

function toggleAllBoxes() {
  if (document.getElementsByTagName) {
    d = document.getElementsByTagName('div');
    for (i = 0; i < d.length; i++) {
      if (d[i].className == 'log') {
        flip(d[i]);
      }
    }
  }
}

// -->
</script>

</head>
<body>
<h2 align='center'>TestWithFF</h2><table border='1' align="center">
<tr>
<td>Tests passed/Failed/Skipped:</td><td>41/5/0</td>
</tr><tr>
<td>Started on:</td><td>Fri Aug 30 09:17:58 ICT 2019</td>
</tr>
<tr><td>Total time:</td><td>86 seconds (86292 ms)</td>
</tr><tr>
<td>Included groups:</td><td></td>
</tr><tr>
<td>Excluded groups:</td><td></td>
</tr>
</table><p/>
<small><i>(Hover the method name to see the test class name)</i></small><p/>
<table width='100%' border='1' class='invocation-failed'>
<tr><td colspan='4' align='center'><b>FAILED TESTS</b></td></tr>
<tr><td><b>Test method</b></td>
<td width="30%"><b>Exception</b></td>
<td width="10%"><b>Time (seconds)</b></td>
<td><b>Instance</b></td>
</tr>
<tr>
<td title='com.bankguru.scripts.NewCustomerScript.NC04_FirstCharacterBlank()'><b>NC04_FirstCharacterBlank</b><br>Test class: com.bankguru.scripts.NewCustomerScript</td>
<td><div><pre>java.lang.AssertionError: expected [First character can not have space] but found [Customer name must not be blank]
	at com.bankguru.scripts.NewCustomerScript.NC04_FirstCharacterBlank(NewCustomerScript.java:123)
... Removed 31 stack frames</pre></div><a href='#' onClick='toggleBox("stack-trace709133385", this, "Click to show all stack frames", "Click to hide stack frames")'>Click to show all stack frames</a>
<div class='stack-trace' id='stack-trace709133385'><pre>java.lang.AssertionError: expected [First character can not have space] but found [Customer name must not be blank]
	at org.testng.Assert.fail(Assert.java:96)
	at org.testng.Assert.failNotEquals(Assert.java:776)
	at org.testng.Assert.assertEqualsImpl(Assert.java:137)
	at org.testng.Assert.assertEquals(Assert.java:118)
	at org.testng.Assert.assertEquals(Assert.java:453)
	at org.testng.Assert.assertEquals(Assert.java:463)
	at com.bankguru.scripts.NewCustomerScript.NC04_FirstCharacterBlank(NewCustomerScript.java:123)
	at sun.reflect.NativeMethodAccessorImpl.invoke0(Native Method)
	at sun.reflect.NativeMethodAccessorImpl.invoke(Unknown Source)
	at sun.reflect.DelegatingMethodAccessorImpl.invoke(Unknown Source)
	at java.lang.reflect.Method.invoke(Unknown Source)
	at org.testng.internal.MethodInvocationHelper.invokeMethod(MethodInvocationHelper.java:124)
	at org.testng.internal.Invoker.invokeMethod(Invoker.java:583)
	at org.testng.internal.Invoker.invokeTestMethod(Invoker.java:719)
	at org.testng.internal.Invoker.invokeTestMethods(Invoker.java:989)
	at org.testng.internal.TestMethodWorker.invokeTestMethods(TestMethodWorker.java:125)
	at org.testng.internal.TestMethodWorker.run(TestMethodWorker.java:109)
	at org.testng.TestRunner.privateRun(TestRunner.java:648)
	at org.testng.TestRunner.run(TestRunner.java:505)
	at org.testng.SuiteRunner.runTest(SuiteRunner.java:455)
	at org.testng.SuiteRunner.runSequentially(SuiteRunner.java:450)
	at org.testng.SuiteRunner.privateRun(SuiteRunner.java:415)
	at org.testng.SuiteRunner.run(SuiteRunner.java:364)
	at org.testng.SuiteRunnerWorker.runSuite(SuiteRunnerWorker.java:52)
	at org.testng.SuiteRunnerWorker.run(SuiteRunnerWorker.java:84)
	at org.testng.TestNG.runSuitesSequentially(TestNG.java:1208)
	at org.testng.TestNG.runSuitesLocally(TestNG.java:1137)
	at org.testng.TestNG.runSuites(TestNG.java:1049)
	at org.testng.TestNG.run(TestNG.java:1017)
	at org.testng.remote.AbstractRemoteTestNG.run(AbstractRemoteTestNG.java:115)
	at org.testng.remote.RemoteTestNG.initAndRun(RemoteTestNG.java:251)
	at org.testng.remote.RemoteTestNG.main(RemoteTestNG.java:77)
</pre></div></td>
<td>0</td>
<td>com.bankguru.scripts.NewCustomerScript@53b32d7</td></tr>
<tr>
<td title='com.bankguru.scripts.NewCustomerScript.NC06_AddressHaveSpace()'><b>NC06_AddressHaveSpace</b><br>Test class: com.bankguru.scripts.NewCustomerScript</td>
<td><div><pre>java.lang.AssertionError: expected [First character can not have space] but found [Address Field must not be blank]
	at com.bankguru.scripts.NewCustomerScript.NC06_AddressHaveSpace(NewCustomerScript.java:139)
... Removed 31 stack frames</pre></div><a href='#' onClick='toggleBox("stack-trace1238080693", this, "Click to show all stack frames", "Click to hide stack frames")'>Click to show all stack frames</a>
<div class='stack-trace' id='stack-trace1238080693'><pre>java.lang.AssertionError: expected [First character can not have space] but found [Address Field must not be blank]
	at org.testng.Assert.fail(Assert.java:96)
	at org.testng.Assert.failNotEquals(Assert.java:776)
	at org.testng.Assert.assertEqualsImpl(Assert.java:137)
	at org.testng.Assert.assertEquals(Assert.java:118)
	at org.testng.Assert.assertEquals(Assert.java:453)
	at org.testng.Assert.assertEquals(Assert.java:463)
	at com.bankguru.scripts.NewCustomerScript.NC06_AddressHaveSpace(NewCustomerScript.java:139)
	at sun.reflect.NativeMethodAccessorImpl.invoke0(Native Method)
	at sun.reflect.NativeMethodAccessorImpl.invoke(Unknown Source)
	at sun.reflect.DelegatingMethodAccessorImpl.invoke(Unknown Source)
	at java.lang.reflect.Method.invoke(Unknown Source)
	at org.testng.internal.MethodInvocationHelper.invokeMethod(MethodInvocationHelper.java:124)
	at org.testng.internal.Invoker.invokeMethod(Invoker.java:583)
	at org.testng.internal.Invoker.invokeTestMethod(Invoker.java:719)
	at org.testng.internal.Invoker.invokeTestMethods(Invoker.java:989)
	at org.testng.internal.TestMethodWorker.invokeTestMethods(TestMethodWorker.java:125)
	at org.testng.internal.TestMethodWorker.run(TestMethodWorker.java:109)
	at org.testng.TestRunner.privateRun(TestRunner.java:648)
	at org.testng.TestRunner.run(TestRunner.java:505)
	at org.testng.SuiteRunner.runTest(SuiteRunner.java:455)
	at org.testng.SuiteRunner.runSequentially(SuiteRunner.java:450)
	at org.testng.SuiteRunner.privateRun(SuiteRunner.java:415)
	at org.testng.SuiteRunner.run(SuiteRunner.java:364)
	at org.testng.SuiteRunnerWorker.runSuite(SuiteRunnerWorker.java:52)
	at org.testng.SuiteRunnerWorker.run(SuiteRunnerWorker.java:84)
	at org.testng.TestNG.runSuitesSequentially(TestNG.java:1208)
	at org.testng.TestNG.runSuitesLocally(TestNG.java:1137)
	at org.testng.TestNG.runSuites(TestNG.java:1049)
	at org.testng.TestNG.run(TestNG.java:1017)
	at org.testng.remote.AbstractRemoteTestNG.run(AbstractRemoteTestNG.java:115)
	at org.testng.remote.RemoteTestNG.initAndRun(RemoteTestNG.java:251)
	at org.testng.remote.RemoteTestNG.main(RemoteTestNG.java:77)
</pre></div></td>
<td>0</td>
<td>com.bankguru.scripts.NewCustomerScript@53b32d7</td></tr>
<tr>
<td title='com.bankguru.scripts.NewCustomerScript.NC15_SateFieldWithSpace()'><b>NC15_SateFieldWithSpace</b><br>Test class: com.bankguru.scripts.NewCustomerScript</td>
<td><div><pre>java.lang.AssertionError: expected [First character can not have space] but found [State must not be blank]
	at com.bankguru.scripts.NewCustomerScript.NC15_SateFieldWithSpace(NewCustomerScript.java:208)
... Removed 31 stack frames</pre></div><a href='#' onClick='toggleBox("stack-trace2048537720", this, "Click to show all stack frames", "Click to hide stack frames")'>Click to show all stack frames</a>
<div class='stack-trace' id='stack-trace2048537720'><pre>java.lang.AssertionError: expected [First character can not have space] but found [State must not be blank]
	at org.testng.Assert.fail(Assert.java:96)
	at org.testng.Assert.failNotEquals(Assert.java:776)
	at org.testng.Assert.assertEqualsImpl(Assert.java:137)
	at org.testng.Assert.assertEquals(Assert.java:118)
	at org.testng.Assert.assertEquals(Assert.java:453)
	at org.testng.Assert.assertEquals(Assert.java:463)
	at com.bankguru.scripts.NewCustomerScript.NC15_SateFieldWithSpace(NewCustomerScript.java:208)
	at sun.reflect.NativeMethodAccessorImpl.invoke0(Native Method)
	at sun.reflect.NativeMethodAccessorImpl.invoke(Unknown Source)
	at sun.reflect.DelegatingMethodAccessorImpl.invoke(Unknown Source)
	at java.lang.reflect.Method.invoke(Unknown Source)
	at org.testng.internal.MethodInvocationHelper.invokeMethod(MethodInvocationHelper.java:124)
	at org.testng.internal.Invoker.invokeMethod(Invoker.java:583)
	at org.testng.internal.Invoker.invokeTestMethod(Invoker.java:719)
	at org.testng.internal.Invoker.invokeTestMethods(Invoker.java:989)
	at org.testng.internal.TestMethodWorker.invokeTestMethods(TestMethodWorker.java:125)
	at org.testng.internal.TestMethodWorker.run(TestMethodWorker.java:109)
	at org.testng.TestRunner.privateRun(TestRunner.java:648)
	at org.testng.TestRunner.run(TestRunner.java:505)
	at org.testng.SuiteRunner.runTest(SuiteRunner.java:455)
	at org.testng.SuiteRunner.runSequentially(SuiteRunner.java:450)
	at org.testng.SuiteRunner.privateRun(SuiteRunner.java:415)
	at org.testng.SuiteRunner.run(SuiteRunner.java:364)
	at org.testng.SuiteRunnerWorker.runSuite(SuiteRunnerWorker.java:52)
	at org.testng.SuiteRunnerWorker.run(SuiteRunnerWorker.java:84)
	at org.testng.TestNG.runSuitesSequentially(TestNG.java:1208)
	at org.testng.TestNG.runSuitesLocally(TestNG.java:1137)
	at org.testng.TestNG.runSuites(TestNG.java:1049)
	at org.testng.TestNG.run(TestNG.java:1017)
	at org.testng.remote.AbstractRemoteTestNG.run(AbstractRemoteTestNG.java:115)
	at org.testng.remote.RemoteTestNG.initAndRun(RemoteTestNG.java:251)
	at org.testng.remote.RemoteTestNG.main(RemoteTestNG.java:77)
</pre></div></td>
<td>0</td>
<td>com.bankguru.scripts.NewCustomerScript@53b32d7</td></tr>
<tr>
<td title='com.bankguru.scripts.NewCustomerScript.NC20_PinFieldWithSpace()'><b>NC20_PinFieldWithSpace</b><br>Test class: com.bankguru.scripts.NewCustomerScript</td>
<td><div><pre>java.lang.AssertionError: expected [First character can not have space] but found [PIN Code must not be blank]
	at com.bankguru.scripts.NewCustomerScript.NC20_PinFieldWithSpace(NewCustomerScript.java:253)
... Removed 31 stack frames</pre></div><a href='#' onClick='toggleBox("stack-trace1404932042", this, "Click to show all stack frames", "Click to hide stack frames")'>Click to show all stack frames</a>
<div class='stack-trace' id='stack-trace1404932042'><pre>java.lang.AssertionError: expected [First character can not have space] but found [PIN Code must not be blank]
	at org.testng.Assert.fail(Assert.java:96)
	at org.testng.Assert.failNotEquals(Assert.java:776)
	at org.testng.Assert.assertEqualsImpl(Assert.java:137)
	at org.testng.Assert.assertEquals(Assert.java:118)
	at org.testng.Assert.assertEquals(Assert.java:453)
	at org.testng.Assert.assertEquals(Assert.java:463)
	at com.bankguru.scripts.NewCustomerScript.NC20_PinFieldWithSpace(NewCustomerScript.java:253)
	at sun.reflect.NativeMethodAccessorImpl.invoke0(Native Method)
	at sun.reflect.NativeMethodAccessorImpl.invoke(Unknown Source)
	at sun.reflect.DelegatingMethodAccessorImpl.invoke(Unknown Source)
	at java.lang.reflect.Method.invoke(Unknown Source)
	at org.testng.internal.MethodInvocationHelper.invokeMethod(MethodInvocationHelper.java:124)
	at org.testng.internal.Invoker.invokeMethod(Invoker.java:583)
	at org.testng.internal.Invoker.invokeTestMethod(Invoker.java:719)
	at org.testng.internal.Invoker.invokeTestMethods(Invoker.java:989)
	at org.testng.internal.TestMethodWorker.invokeTestMethods(TestMethodWorker.java:125)
	at org.testng.internal.TestMethodWorker.run(TestMethodWorker.java:109)
	at org.testng.TestRunner.privateRun(TestRunner.java:648)
	at org.testng.TestRunner.run(TestRunner.java:505)
	at org.testng.SuiteRunner.runTest(SuiteRunner.java:455)
	at org.testng.SuiteRunner.runSequentially(SuiteRunner.java:450)
	at org.testng.SuiteRunner.privateRun(SuiteRunner.java:415)
	at org.testng.SuiteRunner.run(SuiteRunner.java:364)
	at org.testng.SuiteRunnerWorker.runSuite(SuiteRunnerWorker.java:52)
	at org.testng.SuiteRunnerWorker.run(SuiteRunnerWorker.java:84)
	at org.testng.TestNG.runSuitesSequentially(TestNG.java:1208)
	at org.testng.TestNG.runSuitesLocally(TestNG.java:1137)
	at org.testng.TestNG.runSuites(TestNG.java:1049)
	at org.testng.TestNG.run(TestNG.java:1017)
	at org.testng.remote.AbstractRemoteTestNG.run(AbstractRemoteTestNG.java:115)
	at org.testng.remote.RemoteTestNG.initAndRun(RemoteTestNG.java:251)
	at org.testng.remote.RemoteTestNG.main(RemoteTestNG.java:77)
</pre></div></td>
<td>0</td>
<td>com.bankguru.scripts.NewCustomerScript@53b32d7</td></tr>
<tr>
<td title='com.bankguru.scripts.NewCustomerScript.NC22_TelephoneFieldHaveSpace()'><b>NC22_TelephoneFieldHaveSpace</b><br>Test class: com.bankguru.scripts.NewCustomerScript</td>
<td><div><pre>java.lang.AssertionError: expected [First character can not have space] but found [Mobile no must not be blank]
	at com.bankguru.scripts.NewCustomerScript.NC22_TelephoneFieldHaveSpace(NewCustomerScript.java:267)
... Removed 31 stack frames</pre></div><a href='#' onClick='toggleBox("stack-trace335107734", this, "Click to show all stack frames", "Click to hide stack frames")'>Click to show all stack frames</a>
<div class='stack-trace' id='stack-trace335107734'><pre>java.lang.AssertionError: expected [First character can not have space] but found [Mobile no must not be blank]
	at org.testng.Assert.fail(Assert.java:96)
	at org.testng.Assert.failNotEquals(Assert.java:776)
	at org.testng.Assert.assertEqualsImpl(Assert.java:137)
	at org.testng.Assert.assertEquals(Assert.java:118)
	at org.testng.Assert.assertEquals(Assert.java:453)
	at org.testng.Assert.assertEquals(Assert.java:463)
	at com.bankguru.scripts.NewCustomerScript.NC22_TelephoneFieldHaveSpace(NewCustomerScript.java:267)
	at sun.reflect.NativeMethodAccessorImpl.invoke0(Native Method)
	at sun.reflect.NativeMethodAccessorImpl.invoke(Unknown Source)
	at sun.reflect.DelegatingMethodAccessorImpl.invoke(Unknown Source)
	at java.lang.reflect.Method.invoke(Unknown Source)
	at org.testng.internal.MethodInvocationHelper.invokeMethod(MethodInvocationHelper.java:124)
	at org.testng.internal.Invoker.invokeMethod(Invoker.java:583)
	at org.testng.internal.Invoker.invokeTestMethod(Invoker.java:719)
	at org.testng.internal.Invoker.invokeTestMethods(Invoker.java:989)
	at org.testng.internal.TestMethodWorker.invokeTestMethods(TestMethodWorker.java:125)
	at org.testng.internal.TestMethodWorker.run(TestMethodWorker.java:109)
	at org.testng.TestRunner.privateRun(TestRunner.java:648)
	at org.testng.TestRunner.run(TestRunner.java:505)
	at org.testng.SuiteRunner.runTest(SuiteRunner.java:455)
	at org.testng.SuiteRunner.runSequentially(SuiteRunner.java:450)
	at org.testng.SuiteRunner.privateRun(SuiteRunner.java:415)
	at org.testng.SuiteRunner.run(SuiteRunner.java:364)
	at org.testng.SuiteRunnerWorker.runSuite(SuiteRunnerWorker.java:52)
	at org.testng.SuiteRunnerWorker.run(SuiteRunnerWorker.java:84)
	at org.testng.TestNG.runSuitesSequentially(TestNG.java:1208)
	at org.testng.TestNG.runSuitesLocally(TestNG.java:1137)
	at org.testng.TestNG.runSuites(TestNG.java:1049)
	at org.testng.TestNG.run(TestNG.java:1017)
	at org.testng.remote.AbstractRemoteTestNG.run(AbstractRemoteTestNG.java:115)
	at org.testng.remote.RemoteTestNG.initAndRun(RemoteTestNG.java:251)
	at org.testng.remote.RemoteTestNG.main(RemoteTestNG.java:77)
</pre></div></td>
<td>0</td>
<td>com.bankguru.scripts.NewCustomerScript@53b32d7</td></tr>
</table><p>
<table width='100%' border='1' class='invocation-passed'>
<tr><td colspan='4' align='center'><b>PASSED TESTS</b></td></tr>
<tr><td><b>Test method</b></td>
<td width="30%"><b>Exception</b></td>
<td width="10%"><b>Time (seconds)</b></td>
<td><b>Instance</b></td>
</tr>
<tr>
<td title='com.bankguru.scripts.EditCustomerScript.EC01_CustomerIdEmpty()'><b>EC01_CustomerIdEmpty</b><br>Test class: com.bankguru.scripts.EditCustomerScript</td>
<td></td>
<td>0</td>
<td>com.bankguru.scripts.EditCustomerScript@5442a311</td></tr>
<tr>
<td title='com.bankguru.scripts.EditCustomerScript.EC02_CustomerIdNotNumberic()'><b>EC02_CustomerIdNotNumberic</b><br>Test class: com.bankguru.scripts.EditCustomerScript</td>
<td></td>
<td>0</td>
<td>com.bankguru.scripts.EditCustomerScript@5442a311</td></tr>
<tr>
<td title='com.bankguru.scripts.EditCustomerScript.EC03_CustomerIdhaveSpecialCharacter()'><b>EC03_CustomerIdhaveSpecialCharacter</b><br>Test class: com.bankguru.scripts.EditCustomerScript</td>
<td></td>
<td>0</td>
<td>com.bankguru.scripts.EditCustomerScript@5442a311</td></tr>
<tr>
<td title='com.bankguru.scripts.EditCustomerScript.EC04_ValidCustomerId()'><b>EC04_ValidCustomerId</b><br>Test class: com.bankguru.scripts.EditCustomerScript</td>
<td></td>
<td>0</td>
<td>com.bankguru.scripts.EditCustomerScript@5442a311</td></tr>
<tr>
<td title='com.bankguru.scripts.EditCustomerScript.EC08_AddressIsEmpty()'><b>EC08_AddressIsEmpty</b><br>Test class: com.bankguru.scripts.EditCustomerScript</td>
<td></td>
<td>1</td>
<td>com.bankguru.scripts.EditCustomerScript@5442a311</td></tr>
<tr>
<td title='com.bankguru.scripts.EditCustomerScript.EC09_CityIsEmpty()'><b>EC09_CityIsEmpty</b><br>Test class: com.bankguru.scripts.EditCustomerScript</td>
<td></td>
<td>1</td>
<td>com.bankguru.scripts.EditCustomerScript@5442a311</td></tr>
<tr>
<td title='com.bankguru.scripts.EditCustomerScript.EC10_CityNotNumberic()'><b>EC10_CityNotNumberic</b><br>Test class: com.bankguru.scripts.EditCustomerScript</td>
<td></td>
<td>1</td>
<td>com.bankguru.scripts.EditCustomerScript@5442a311</td></tr>
<tr>
<td title='com.bankguru.scripts.EditCustomerScript.EC11_CityCannotHaveSpecialCharacter()'><b>EC11_CityCannotHaveSpecialCharacter</b><br>Test class: com.bankguru.scripts.EditCustomerScript</td>
<td></td>
<td>1</td>
<td>com.bankguru.scripts.EditCustomerScript@5442a311</td></tr>
<tr>
<td title='com.bankguru.scripts.EditCustomerScript.EC12_StateFieldEmpty()'><b>EC12_StateFieldEmpty</b><br>Test class: com.bankguru.scripts.EditCustomerScript</td>
<td></td>
<td>1</td>
<td>com.bankguru.scripts.EditCustomerScript@5442a311</td></tr>
<tr>
<td title='com.bankguru.scripts.EditCustomerScript.EC13_StateWithNumeric()'><b>EC13_StateWithNumeric</b><br>Test class: com.bankguru.scripts.EditCustomerScript</td>
<td></td>
<td>1</td>
<td>com.bankguru.scripts.EditCustomerScript@5442a311</td></tr>
<tr>
<td title='com.bankguru.scripts.EditCustomerScript.EC14_StateFieldWithSpecialCharacter()'><b>EC14_StateFieldWithSpecialCharacter</b><br>Test class: com.bankguru.scripts.EditCustomerScript</td>
<td></td>
<td>1</td>
<td>com.bankguru.scripts.EditCustomerScript@5442a311</td></tr>
<tr>
<td title='com.bankguru.scripts.EditCustomerScript.EC15_PINMustBeNumeric()'><b>EC15_PINMustBeNumeric</b><br>Test class: com.bankguru.scripts.EditCustomerScript</td>
<td></td>
<td>1</td>
<td>com.bankguru.scripts.EditCustomerScript@5442a311</td></tr>
<tr>
<td title='com.bankguru.scripts.EditCustomerScript.EC16_PINFieldEmpty()'><b>EC16_PINFieldEmpty</b><br>Test class: com.bankguru.scripts.EditCustomerScript</td>
<td></td>
<td>1</td>
<td>com.bankguru.scripts.EditCustomerScript@5442a311</td></tr>
<tr>
<td title='com.bankguru.scripts.EditCustomerScript.EC17_PINMustHave6Digits()'><b>EC17_PINMustHave6Digits</b><br>Test class: com.bankguru.scripts.EditCustomerScript</td>
<td></td>
<td>1</td>
<td>com.bankguru.scripts.EditCustomerScript@5442a311</td></tr>
<tr>
<td title='com.bankguru.scripts.EditCustomerScript.EC18_PINWithSpecialCharacter()'><b>EC18_PINWithSpecialCharacter</b><br>Test class: com.bankguru.scripts.EditCustomerScript</td>
<td></td>
<td>1</td>
<td>com.bankguru.scripts.EditCustomerScript@5442a311</td></tr>
<tr>
<td title='com.bankguru.scripts.EditCustomerScript.EC19_TelephoneWithEmpty()'><b>EC19_TelephoneWithEmpty</b><br>Test class: com.bankguru.scripts.EditCustomerScript</td>
<td></td>
<td>1</td>
<td>com.bankguru.scripts.EditCustomerScript@5442a311</td></tr>
<tr>
<td title='com.bankguru.scripts.EditCustomerScript.EC20_TelephoneWithSpecialCharacter()'><b>EC20_TelephoneWithSpecialCharacter</b><br>Test class: com.bankguru.scripts.EditCustomerScript</td>
<td></td>
<td>1</td>
<td>com.bankguru.scripts.EditCustomerScript@5442a311</td></tr>
<tr>
<td title='com.bankguru.scripts.EditCustomerScript.EC21_EmailEmpty()'><b>EC21_EmailEmpty</b><br>Test class: com.bankguru.scripts.EditCustomerScript</td>
<td></td>
<td>1</td>
<td>com.bankguru.scripts.EditCustomerScript@5442a311</td></tr>
<tr>
<td title='com.bankguru.scripts.EditCustomerScript.EC22_EmailWithInvalidFormat()'><b>EC22_EmailWithInvalidFormat</b><br>Test class: com.bankguru.scripts.EditCustomerScript</td>
<td></td>
<td>1</td>
<td>com.bankguru.scripts.EditCustomerScript@5442a311</td></tr>
<tr>
<td title='com.bankguru.scripts.NewCustomerScript.NC01_NewCustomer01()'><b>NC01_NewCustomer01</b><br>Test class: com.bankguru.scripts.NewCustomerScript</td>
<td></td>
<td>0</td>
<td>com.bankguru.scripts.NewCustomerScript@53b32d7</td></tr>
<tr>
<td title='com.bankguru.scripts.NewCustomerScript.NC02_NumericCase()'><b>NC02_NumericCase</b><br>Test class: com.bankguru.scripts.NewCustomerScript</td>
<td></td>
<td>0</td>
<td>com.bankguru.scripts.NewCustomerScript@53b32d7</td></tr>
<tr>
<td title='com.bankguru.scripts.NewCustomerScript.NC03_SpecialCharacters()'><b>NC03_SpecialCharacters</b><br>Test class: com.bankguru.scripts.NewCustomerScript</td>
<td></td>
<td>0</td>
<td>com.bankguru.scripts.NewCustomerScript@53b32d7</td></tr>
<tr>
<td title='com.bankguru.scripts.NewCustomerScript.NC05_AddressEmplty()'><b>NC05_AddressEmplty</b><br>Test class: com.bankguru.scripts.NewCustomerScript</td>
<td></td>
<td>0</td>
<td>com.bankguru.scripts.NewCustomerScript@53b32d7</td></tr>
<tr>
<td title='com.bankguru.scripts.NewCustomerScript.NC08_CityFiledEmpty()'><b>NC08_CityFiledEmpty</b><br>Test class: com.bankguru.scripts.NewCustomerScript</td>
<td></td>
<td>0</td>
<td>com.bankguru.scripts.NewCustomerScript@53b32d7</td></tr>
<tr>
<td title='com.bankguru.scripts.NewCustomerScript.NC09_CityWithNumberic()'><b>NC09_CityWithNumberic</b><br>Test class: com.bankguru.scripts.NewCustomerScript</td>
<td></td>
<td>0</td>
<td>com.bankguru.scripts.NewCustomerScript@53b32d7</td></tr>
<tr>
<td title='com.bankguru.scripts.NewCustomerScript.NC10_CityWithSpecialCharacter()'><b>NC10_CityWithSpecialCharacter</b><br>Test class: com.bankguru.scripts.NewCustomerScript</td>
<td></td>
<td>0</td>
<td>com.bankguru.scripts.NewCustomerScript@53b32d7</td></tr>
<tr>
<td title='com.bankguru.scripts.NewCustomerScript.NC11_CityHaveSpace()'><b>NC11_CityHaveSpace</b><br>Test class: com.bankguru.scripts.NewCustomerScript</td>
<td></td>
<td>0</td>
<td>com.bankguru.scripts.NewCustomerScript@53b32d7</td></tr>
<tr>
<td title='com.bankguru.scripts.NewCustomerScript.NC12_StateFieldEmpty()'><b>NC12_StateFieldEmpty</b><br>Test class: com.bankguru.scripts.NewCustomerScript</td>
<td></td>
<td>0</td>
<td>com.bankguru.scripts.NewCustomerScript@53b32d7</td></tr>
<tr>
<td title='com.bankguru.scripts.NewCustomerScript.NC13_StateFieldWithNumberic()'><b>NC13_StateFieldWithNumberic</b><br>Test class: com.bankguru.scripts.NewCustomerScript</td>
<td></td>
<td>0</td>
<td>com.bankguru.scripts.NewCustomerScript@53b32d7</td></tr>
<tr>
<td title='com.bankguru.scripts.NewCustomerScript.NC14_StateFieldWithSpecialCharacter()'><b>NC14_StateFieldWithSpecialCharacter</b><br>Test class: com.bankguru.scripts.NewCustomerScript</td>
<td></td>
<td>0</td>
<td>com.bankguru.scripts.NewCustomerScript@53b32d7</td></tr>
<tr>
<td title='com.bankguru.scripts.NewCustomerScript.NC16_PINFiledWithNumberic()'><b>NC16_PINFiledWithNumberic</b><br>Test class: com.bankguru.scripts.NewCustomerScript</td>
<td></td>
<td>0</td>
<td>com.bankguru.scripts.NewCustomerScript@53b32d7</td></tr>
<tr>
<td title='com.bankguru.scripts.NewCustomerScript.NC17_PinFieldEmpty()'><b>NC17_PinFieldEmpty</b><br>Test class: com.bankguru.scripts.NewCustomerScript</td>
<td></td>
<td>0</td>
<td>com.bankguru.scripts.NewCustomerScript@53b32d7</td></tr>
<tr>
<td title='com.bankguru.scripts.NewCustomerScript.NC18_PinFieldHave6Digits()'><b>NC18_PinFieldHave6Digits</b><br>Test class: com.bankguru.scripts.NewCustomerScript</td>
<td></td>
<td>0</td>
<td>com.bankguru.scripts.NewCustomerScript@53b32d7</td></tr>
<tr>
<td title='com.bankguru.scripts.NewCustomerScript.NC19_PinFieldWithSpecialCharcter()'><b>NC19_PinFieldWithSpecialCharcter</b><br>Test class: com.bankguru.scripts.NewCustomerScript</td>
<td></td>
<td>0</td>
<td>com.bankguru.scripts.NewCustomerScript@53b32d7</td></tr>
<tr>
<td title='com.bankguru.scripts.NewCustomerScript.NC21_TelephoneFieldEmpty()'><b>NC21_TelephoneFieldEmpty</b><br>Test class: com.bankguru.scripts.NewCustomerScript</td>
<td></td>
<td>0</td>
<td>com.bankguru.scripts.NewCustomerScript@53b32d7</td></tr>
<tr>
<td title='com.bankguru.scripts.NewCustomerScript.NC25_TelephoneFieldWithSpecialCharacter()'><b>NC25_TelephoneFieldWithSpecialCharacter</b><br>Test class: com.bankguru.scripts.NewCustomerScript</td>
<td></td>
<td>0</td>
<td>com.bankguru.scripts.NewCustomerScript@53b32d7</td></tr>
<tr>
<td title='com.bankguru.scripts.NewCustomerScript.NC26_EmailFieldEmpty()'><b>NC26_EmailFieldEmpty</b><br>Test class: com.bankguru.scripts.NewCustomerScript</td>
<td></td>
<td>0</td>
<td>com.bankguru.scripts.NewCustomerScript@53b32d7</td></tr>
<tr>
<td title='com.bankguru.scripts.NewCustomerScript.NC27_EmailFieldWithIncorrectFormat()'><b>NC27_EmailFieldWithIncorrectFormat</b><br>Test class: com.bankguru.scripts.NewCustomerScript</td>
<td></td>
<td>0</td>
<td>com.bankguru.scripts.NewCustomerScript@53b32d7</td></tr>
<tr>
<td title='com.bankguru.scripts.NewCustomerScript.NC29_EmailFieldWithSpace()'><b>NC29_EmailFieldWithSpace</b><br>Test class: com.bankguru.scripts.NewCustomerScript</td>
<td></td>
<td>0</td>
<td>com.bankguru.scripts.NewCustomerScript@53b32d7</td></tr>
<tr>
<td title='com.bankguru.scripts.NewCustomerScript.NC30_CreateNewCustomer()'><b>NC30_CreateNewCustomer</b><br>Test class: com.bankguru.scripts.NewCustomerScript</td>
<td></td>
<td>2</td>
<td>com.bankguru.scripts.NewCustomerScript@53b32d7</td></tr>
<tr>
<td title='com.bankguru.scripts.RegisterNewAccountScript.RegisterScript()'><b>RegisterScript</b><br>Test class: com.bankguru.scripts.RegisterNewAccountScript</td>
<td></td>
<td>3</td>
<td>com.bankguru.scripts.RegisterNewAccountScript@343f4d3d</td></tr>
</table><p>
</body>
</html>